
Package 'Microsoft.VisualStudio.TestTools.TestCaseManagement.QualityToolsPackage, Microsoft.VisualStudio.QualityTools.TestCaseManagement, Version=10.0.0.0, Culture=neutral, PublicKeyToken=b03f5f7f11d50a3a' failed to load.
------ Rebuild All started: Project: AriaRestClient, Configuration: Release Any CPU ------
  AriaRestClient -> D:\JGUEVARA\Desarrollo\Aria\NetSDK\src\AriaRestClient\bin\Release\AriaRestClient.dll
------ Rebuild All started: Project: AriaWebServices (AriaServices\AriaWebServices\AriaWebServices), Configuration: Release Any CPU ------
  AriaWebServices -> D:\JGUEVARA\Desarrollo\Aria\NetSDK\src\AriaServices\AriaWebServices\AriaWebServices\bin\Release\AriaWebServices.dll
------ Rebuild All started: Project: AriarestClientTest, Configuration: Release Any CPU ------
  AriarestClientTest -> D:\JGUEVARA\Desarrollo\Aria\NetSDK\src\AriarestClientTest\bin\Release\AriarestClientTest.dll
------ Rebuild All started: Project: http://localhost/AriaSampleApps2010/, Configuration: Debug Any CPU ------
Validating Web Site
Building directory '/AriaSampleApps2010/App_Code/'.
Building directory '/AriaSampleApps2010/Properties/'.
Building directory '/AriaSampleApps2010/_includes/js/'.
Building directory '/AriaSampleApps2010/App_LocalResources/'.
Building directory '/AriaSampleApps2010/'.

D:\JGUEVARA\Desarrollo\Aria\NetSDK\src\UIProjects\AriaSampleApps\USS.aspx.cs(233,18): warning CS0219: La variable 'updated' est  asignada, pero su valor nunca se utiliza
D:\JGUEVARA\Desarrollo\Aria\NetSDK\src\UIProjects\AriaSampleApps\USS.aspx.cs(404,20): warning CS0168: La variable 'state' se ha declarado pero nunca se utiliza
D:\JGUEVARA\Desarrollo\Aria\NetSDK\src\UIProjects\AriaSampleApps\USS.aspx.cs(663,25): warning CS0472: El resultado de la expresi¢n siempre es 'false', dado que un valor de tipo 'double' nunca es igual a 'null' de tipo 'double?'
Validation Complete
------ Rebuild All started: Project: AriaWebServicesTest, Configuration: Release Any CPU ------
  AriaWebServicesTest -> D:\JGUEVARA\Desarrollo\Aria\NetSDK\src\AriaServices\AriaWebServices\AriaWebServicesTest\bin\Release\AriaWebServicesTest.dll
------ Starting pre-build validation for project 'AriaSDKInstaller' ------ 
------ Pre-build validation for project 'AriaSDKInstaller' completed ------
------ Rebuild All started: Project: AriaSDKInstaller, Configuration: Release ------
Building file 'D:\JGUEVARA\Desarrollo\Aria\NetSDK\src\SDKInstaller\Release\AriaSDKInstaller.msi'...
WARNING: The target version of the .NET Framework in the project does not match the .NET Framework launch condition version '3.5.30729   '. Update the version of the .NET Framework launch condition to match the target version of the.NET Framework in the Advanced Compile Options Dialog Box (VB) or the Application Page (C#, F#).
Packaging file 'AriaRestClient.dll'...
Packaging file 'ForgotPassword.aspx'...
Packaging file 'AddAccountPlanInfo.aspx.cs'...
Packaging file 'Newtonsoft.Json.Net35.dll'...
Packaging file 'StateProvinceControl.ascx.cs'...
Packaging file 'AriaCompleteTest.cs'...
Packaging file 'ForgotPassword.aspx.cs'...
Packaging file 'ConfigFactory.cs'...
Packaging file 'LoginLogout.cs'...
Packaging file 'AddAccountReview.aspx.cs'...
Packaging file 'AddAccountConfirmation.aspx'...
Packaging file 'AriaWebServices.dll'...
Packaging file 'SessionSupport.cs'...
Packaging file 'AddAccountPaymentInformation.aspx'...
Packaging file 'AccountInfo.aspx'...
Packaging file 'AddAccountPaymentInformation.aspx.cs'...
Packaging file 'AddAccountPlanInfo.aspx'...
Packaging file 'StateProvinceControl.ascx'...
Packaging file 'Web.config'...
Packaging file 'Logout.aspx.cs'...
Packaging file 'Login.aspx'...
Packaging file 'Login.aspx.cs'...
Packaging file 'AddAccountReview.aspx'...
Packaging file 'AddAccountConfirmation.aspx.cs'...
Packaging file 'LoginNavigationControl.ascx.cs'...
Packaging file 'AddAccountInfo.aspx'...
Packaging file 'Logout.aspx'...
Packaging file 'USS.aspx.cs'...
Packaging file 'AddAccountInfo.aspx.cs'...
Packaging file 'LoginNavigationControl.ascx'...
Packaging file 'AccountInfo.aspx.cs'...
Packaging file 'USS.aspx'...
========== Rebuild All: 6 succeeded, 0 failed, 0 skipped ==========


Package 'Microsoft.VisualStudio.TestTools.TestCaseManagement.QualityToolsPackage, Microsoft.VisualStudio.QualityTools.TestCaseManagement, Version=10.0.0.0, Culture=neutral, PublicKeyToken=b03f5f7f11d50a3a' failed to load.
------ Rebuild All started: Project: AriaRestClient, Configuration: Release Any CPU ------
  AriaRestClient -> D:\JGUEVARA\Desarrollo\Aria\NetSDK\src\AriaRestClient\bin\Release\AriaRestClient.dll
------ Rebuild All started: Project: AriaWebServices (AriaServices\AriaWebServices\AriaWebServices), Configuration: Release Any CPU ------
  AriaWebServices -> D:\JGUEVARA\Desarrollo\Aria\NetSDK\src\AriaServices\AriaWebServices\AriaWebServices\bin\Release\AriaWebServices.dll
------ Rebuild All started: Project: AriarestClientTest, Configuration: Release Any CPU ------
  AriarestClientTest -> D:\JGUEVARA\Desarrollo\Aria\NetSDK\src\AriarestClientTest\bin\Release\AriarestClientTest.dll
------ Rebuild All started: Project: http://localhost/AriaSampleApps2010/, Configuration: Debug Any CPU ------
Validating Web Site
Building directory '/AriaSampleApps2010/App_Code/'.
Building directory '/AriaSampleApps2010/Properties/'.
Building directory '/AriaSampleApps2010/_includes/js/'.
Building directory '/AriaSampleApps2010/App_LocalResources/'.
Building directory '/AriaSampleApps2010/'.

D:\JGUEVARA\Desarrollo\Aria\NetSDK\src\UIProjects\AriaSampleApps\USS.aspx.cs(233,18): warning CS0219: La variable 'updated' est  asignada, pero su valor nunca se utiliza
D:\JGUEVARA\Desarrollo\Aria\NetSDK\src\UIProjects\AriaSampleApps\USS.aspx.cs(404,20): warning CS0168: La variable 'state' se ha declarado pero nunca se utiliza
D:\JGUEVARA\Desarrollo\Aria\NetSDK\src\UIProjects\AriaSampleApps\USS.aspx.cs(663,25): warning CS0472: El resultado de la expresi¢n siempre es 'false', dado que un valor de tipo 'double' nunca es igual a 'null' de tipo 'double?'
Validation Complete
------ Rebuild All started: Project: AriaWebServicesTest, Configuration: Release Any CPU ------
  AriaWebServicesTest -> D:\JGUEVARA\Desarrollo\Aria\NetSDK\src\AriaServices\AriaWebServices\AriaWebServicesTest\bin\Release\AriaWebServicesTest.dll
------ Starting pre-build validation for project 'AriaSDKInstaller' ------ 
------ Pre-build validation for project 'AriaSDKInstaller' completed ------
------ Rebuild All started: Project: AriaSDKInstaller, Configuration: Release ------
Building file 'D:\JGUEVARA\Desarrollo\Aria\NetSDK\src\SDKInstaller\Release\AriaSDKInstaller.msi'...
WARNING: The target version of the .NET Framework in the project does not match the .NET Framework launch condition version '3.5.30729   '. Update the version of the .NET Framework launch condition to match the target version of the.NET Framework in the Advanced Compile Options Dialog Box (VB) or the Application Page (C#, F#).
Packaging file 'AriaRestClient.dll'...
Packaging file 'ForgotPassword.aspx'...
Packaging file 'AddAccountPlanInfo.aspx.cs'...
Packaging file 'Newtonsoft.Json.Net35.dll'...
Packaging file 'StateProvinceControl.ascx.cs'...
Packaging file 'AriaCompleteTest.cs'...
Packaging file 'ForgotPassword.aspx.cs'...
Packaging file 'ConfigFactory.cs'...
Packaging file 'LoginLogout.cs'...
Packaging file 'AddAccountReview.aspx.cs'...
Packaging file 'AddAccountConfirmation.aspx'...
Packaging file 'AriaWebServices.dll'...
Packaging file 'SessionSupport.cs'...
Packaging file 'AddAccountPaymentInformation.aspx'...
Packaging file 'AccountInfo.aspx'...
Packaging file 'AddAccountPaymentInformation.aspx.cs'...
Packaging file 'AddAccountPlanInfo.aspx'...
Packaging file 'StateProvinceControl.ascx'...
Packaging file 'Web.config'...
Packaging file 'Logout.aspx.cs'...
Packaging file 'Login.aspx'...
Packaging file 'Login.aspx.cs'...
Packaging file 'AddAccountReview.aspx'...
Packaging file 'AddAccountConfirmation.aspx.cs'...
Packaging file 'LoginNavigationControl.ascx.cs'...
Packaging file 'AddAccountInfo.aspx'...
Packaging file 'Logout.aspx'...
Packaging file 'USS.aspx.cs'...
Packaging file 'AddAccountInfo.aspx.cs'...
Packaging file 'LoginNavigationControl.ascx'...
Packaging file 'AccountInfo.aspx.cs'...
Packaging file 'USS.aspx'...
========== Rebuild All: 6 succeeded, 0 failed, 0 skipped ==========


Package 'Microsoft.VisualStudio.TestTools.TestCaseManagement.QualityToolsPackage, Microsoft.VisualStudio.QualityTools.TestCaseManagement, Version=10.0.0.0, Culture=neutral, PublicKeyToken=b03f5f7f11d50a3a' failed to load.
------ Rebuild All started: Project: AriaRestClient, Configuration: Release Any CPU ------
  AriaRestClient -> D:\JGUEVARA\Desarrollo\Aria\NetSDK\src\AriaRestClient\bin\Release\AriaRestClient.dll
------ Rebuild All started: Project: AriaWebServices (AriaServices\AriaWebServices\AriaWebServices), Configuration: Release Any CPU ------
  AriaWebServices -> D:\JGUEVARA\Desarrollo\Aria\NetSDK\src\AriaServices\AriaWebServices\AriaWebServices\bin\Release\AriaWebServices.dll
------ Rebuild All started: Project: AriarestClientTest, Configuration: Release Any CPU ------
  AriarestClientTest -> D:\JGUEVARA\Desarrollo\Aria\NetSDK\src\AriarestClientTest\bin\Release\AriarestClientTest.dll
------ Rebuild All started: Project: http://localhost/AriaSampleApps2010/, Configuration: Debug Any CPU ------
Validating Web Site
Building directory '/AriaSampleApps2010/App_Code/'.
Building directory '/AriaSampleApps2010/Properties/'.
Building directory '/AriaSampleApps2010/_includes/js/'.
Building directory '/AriaSampleApps2010/App_LocalResources/'.
Building directory '/AriaSampleApps2010/'.

D:\JGUEVARA\Desarrollo\Aria\NetSDK\src\UIProjects\AriaSampleApps\USS.aspx.cs(233,18): warning CS0219: La variable 'updated' est  asignada, pero su valor nunca se utiliza
D:\JGUEVARA\Desarrollo\Aria\NetSDK\src\UIProjects\AriaSampleApps\USS.aspx.cs(404,20): warning CS0168: La variable 'state' se ha declarado pero nunca se utiliza
D:\JGUEVARA\Desarrollo\Aria\NetSDK\src\UIProjects\AriaSampleApps\USS.aspx.cs(663,25): warning CS0472: El resultado de la expresi¢n siempre es 'false', dado que un valor de tipo 'double' nunca es igual a 'null' de tipo 'double?'
Validation Complete
------ Rebuild All started: Project: AriaWebServicesTest, Configuration: Release Any CPU ------
  AriaWebServicesTest -> D:\JGUEVARA\Desarrollo\Aria\NetSDK\src\AriaServices\AriaWebServices\AriaWebServicesTest\bin\Release\AriaWebServicesTest.dll
------ Starting pre-build validation for project 'AriaSDKInstaller' ------ 
------ Pre-build validation for project 'AriaSDKInstaller' completed ------
------ Rebuild All started: Project: AriaSDKInstaller, Configuration: Release ------
Building file 'D:\JGUEVARA\Desarrollo\Aria\NetSDK\src\SDKInstaller\Release\AriaSDKInstaller.msi'...
WARNING: The target version of the .NET Framework in the project does not match the .NET Framework launch condition version '3.5.30729   '. Update the version of the .NET Framework launch condition to match the target version of the.NET Framework in the Advanced Compile Options Dialog Box (VB) or the Application Page (C#, F#).
Packaging file 'AriaRestClient.dll'...
Packaging file 'ForgotPassword.aspx'...
Packaging file 'AddAccountPlanInfo.aspx.cs'...
Packaging file 'Newtonsoft.Json.Net35.dll'...
Packaging file 'StateProvinceControl.ascx.cs'...
Packaging file 'AriaCompleteTest.cs'...
Packaging file 'ForgotPassword.aspx.cs'...
Packaging file 'ConfigFactory.cs'...
Packaging file 'LoginLogout.cs'...
Packaging file 'AddAccountReview.aspx.cs'...
Packaging file 'AddAccountConfirmation.aspx'...
Packaging file 'AriaWebServices.dll'...
Packaging file 'SessionSupport.cs'...
Packaging file 'AddAccountPaymentInformation.aspx'...
Packaging file 'AccountInfo.aspx'...
Packaging file 'AddAccountPaymentInformation.aspx.cs'...
Packaging file 'AddAccountPlanInfo.aspx'...
Packaging file 'StateProvinceControl.ascx'...
Packaging file 'Web.config'...
Packaging file 'Logout.aspx.cs'...
Packaging file 'Login.aspx'...
Packaging file 'Login.aspx.cs'...
Packaging file 'AddAccountReview.aspx'...
Packaging file 'AddAccountConfirmation.aspx.cs'...
Packaging file 'LoginNavigationControl.ascx.cs'...
Packaging file 'AddAccountInfo.aspx'...
Packaging file 'Logout.aspx'...
Packaging file 'USS.aspx.cs'...
Packaging file 'AddAccountInfo.aspx.cs'...
Packaging file 'LoginNavigationControl.ascx'...
Packaging file 'AccountInfo.aspx.cs'...
Packaging file 'USS.aspx'...
Packaging file 'AriaRestClient.pdb'...
========== Rebuild All: 6 succeeded, 0 failed, 0 skipped ==========


Package 'Microsoft.VisualStudio.TestTools.TestCaseManagement.QualityToolsPackage, Microsoft.VisualStudio.QualityTools.TestCaseManagement, Version=10.0.0.0, Culture=neutral, PublicKeyToken=b03f5f7f11d50a3a' failed to load.
------ Rebuild All started: Project: AriaRestClient, Configuration: Release Any CPU ------
  AriaRestClient -> D:\JGUEVARA\Desarrollo\Aria\NetSDK\src\AriaRestClient\bin\Release\AriaRestClient.dll
------ Rebuild All started: Project: AriaWebServices (AriaServices\AriaWebServices\AriaWebServices), Configuration: Release Any CPU ------
  AriaWebServices -> D:\JGUEVARA\Desarrollo\Aria\NetSDK\src\AriaServices\AriaWebServices\AriaWebServices\bin\Release\AriaWebServices.dll
------ Rebuild All started: Project: AriarestClientTest, Configuration: Release Any CPU ------
  AriarestClientTest -> D:\JGUEVARA\Desarrollo\Aria\NetSDK\src\AriarestClientTest\bin\Release\AriarestClientTest.dll
------ Rebuild All started: Project: http://localhost/AriaSampleApps2010/, Configuration: Debug Any CPU ------
Validating Web Site
Building directory '/AriaSampleApps2010/App_Code/'.
Building directory '/AriaSampleApps2010/Properties/'.
Building directory '/AriaSampleApps2010/_includes/js/'.
Building directory '/AriaSampleApps2010/App_LocalResources/'.
Building directory '/AriaSampleApps2010/'.

D:\JGUEVARA\Desarrollo\Aria\NetSDK\src\UIProjects\AriaSampleApps\USS.aspx.cs(233,18): warning CS0219: La variable 'updated' est  asignada, pero su valor nunca se utiliza
D:\JGUEVARA\Desarrollo\Aria\NetSDK\src\UIProjects\AriaSampleApps\USS.aspx.cs(404,20): warning CS0168: La variable 'state' se ha declarado pero nunca se utiliza
D:\JGUEVARA\Desarrollo\Aria\NetSDK\src\UIProjects\AriaSampleApps\USS.aspx.cs(663,25): warning CS0472: El resultado de la expresi¢n siempre es 'false', dado que un valor de tipo 'double' nunca es igual a 'null' de tipo 'double?'
Validation Complete
------ Rebuild All started: Project: AriaWebServicesTest, Configuration: Release Any CPU ------
  AriaWebServicesTest -> D:\JGUEVARA\Desarrollo\Aria\NetSDK\src\AriaServices\AriaWebServices\AriaWebServicesTest\bin\Release\AriaWebServicesTest.dll
------ Starting pre-build validation for project 'AriaSDKInstaller' ------ 
------ Pre-build validation for project 'AriaSDKInstaller' completed ------
------ Rebuild All started: Project: AriaSDKInstaller, Configuration: Release ------
Building file 'D:\JGUEVARA\Desarrollo\Aria\NetSDK\src\SDKInstaller\Release\AriaSDKInstaller.msi'...
WARNING: The target version of the .NET Framework in the project does not match the .NET Framework launch condition version '3.5.30729   '. Update the version of the .NET Framework launch condition to match the target version of the.NET Framework in the Advanced Compile Options Dialog Box (VB) or the Application Page (C#, F#).
Packaging file 'AriaRestClient.dll'...
Packaging file 'ForgotPassword.aspx'...
Packaging file 'AddAccountPlanInfo.aspx.cs'...
Packaging file 'Newtonsoft.Json.Net35.dll'...
Packaging file 'StateProvinceControl.ascx.cs'...
Packaging file 'AriaCompleteTest.cs'...
Packaging file 'ForgotPassword.aspx.cs'...
Packaging file 'ConfigFactory.cs'...
Packaging file 'LoginLogout.cs'...
Packaging file 'AddAccountReview.aspx.cs'...
Packaging file 'AddAccountConfirmation.aspx'...
Packaging file 'AriaWebServices.dll'...
Packaging file 'SessionSupport.cs'...
Packaging file 'AddAccountPaymentInformation.aspx'...
Packaging file 'AccountInfo.aspx'...
Packaging file 'AddAccountPaymentInformation.aspx.cs'...
Packaging file 'AddAccountPlanInfo.aspx'...
Packaging file 'StateProvinceControl.ascx'...
Packaging file 'Web.config'...
Packaging file 'Logout.aspx.cs'...
Packaging file 'Login.aspx'...
Packaging file 'Login.aspx.cs'...
Packaging file 'AddAccountReview.aspx'...
Packaging file 'AddAccountConfirmation.aspx.cs'...
Packaging file 'LoginNavigationControl.ascx.cs'...
Packaging file 'AddAccountInfo.aspx'...
Packaging file 'Logout.aspx'...
Packaging file 'USS.aspx.cs'...
Packaging file 'AddAccountInfo.aspx.cs'...
Packaging file 'LoginNavigationControl.ascx'...
Packaging file 'AccountInfo.aspx.cs'...
Packaging file 'USS.aspx'...
Packaging file 'AriaRestClient.pdb'...
========== Rebuild All: 6 succeeded, 0 failed, 0 skipped ==========


Package 'Microsoft.VisualStudio.TestTools.TestCaseManagement.QualityToolsPackage, Microsoft.VisualStudio.QualityTools.TestCaseManagement, Version=10.0.0.0, Culture=neutral, PublicKeyToken=b03f5f7f11d50a3a' failed to load.
------ Rebuild All started: Project: AriaRestClient, Configuration: Release Any CPU ------
  AriaRestClient -> D:\JGUEVARA\Desarrollo\Aria\NetSDK\src\AriaRestClient\bin\Release\AriaRestClient.dll
------ Rebuild All started: Project: AriaWebServices (AriaServices\AriaWebServices\AriaWebServices), Configuration: Release Any CPU ------
  AriaWebServices -> D:\JGUEVARA\Desarrollo\Aria\NetSDK\src\AriaServices\AriaWebServices\AriaWebServices\bin\Release\AriaWebServices.dll
------ Rebuild All started: Project: AriarestClientTest, Configuration: Release Any CPU ------
  AriarestClientTest -> D:\JGUEVARA\Desarrollo\Aria\NetSDK\src\AriarestClientTest\bin\Release\AriarestClientTest.dll
------ Rebuild All started: Project: http://localhost/AriaSampleApps2010/, Configuration: Debug Any CPU ------
Validating Web Site
Building directory '/AriaSampleApps2010/App_Code/'.
Building directory '/AriaSampleApps2010/Properties/'.
Building directory '/AriaSampleApps2010/_includes/js/'.
Building directory '/AriaSampleApps2010/App_LocalResources/'.
Building directory '/AriaSampleApps2010/'.

D:\JGUEVARA\Desarrollo\Aria\NetSDK\src\UIProjects\AriaSampleApps\USS.aspx.cs(233,18): warning CS0219: La variable 'updated' est  asignada, pero su valor nunca se utiliza
D:\JGUEVARA\Desarrollo\Aria\NetSDK\src\UIProjects\AriaSampleApps\USS.aspx.cs(404,20): warning CS0168: La variable 'state' se ha declarado pero nunca se utiliza
D:\JGUEVARA\Desarrollo\Aria\NetSDK\src\UIProjects\AriaSampleApps\USS.aspx.cs(663,25): warning CS0472: El resultado de la expresi¢n siempre es 'false', dado que un valor de tipo 'double' nunca es igual a 'null' de tipo 'double?'
Validation Complete
------ Rebuild All started: Project: AriaWebServicesTest, Configuration: Release Any CPU ------
  AriaWebServicesTest -> D:\JGUEVARA\Desarrollo\Aria\NetSDK\src\AriaServices\AriaWebServices\AriaWebServicesTest\bin\Release\AriaWebServicesTest.dll
------ Starting pre-build validation for project 'AriaSDKInstaller' ------ 
------ Pre-build validation for project 'AriaSDKInstaller' completed ------
------ Rebuild All started: Project: AriaSDKInstaller, Configuration: Release ------
Building file 'D:\JGUEVARA\Desarrollo\Aria\NetSDK\src\SDKInstaller\Release\AriaSDKInstaller.msi'...
WARNING: The target version of the .NET Framework in the project does not match the .NET Framework launch condition version '3.5.30729   '. Update the version of the .NET Framework launch condition to match the target version of the.NET Framework in the Advanced Compile Options Dialog Box (VB) or the Application Page (C#, F#).
Packaging file 'AriaRestClient.dll'...
Packaging file 'ForgotPassword.aspx'...
Packaging file 'AddAccountPlanInfo.aspx.cs'...
Packaging file 'Newtonsoft.Json.Net35.dll'...
Packaging file 'StateProvinceControl.ascx.cs'...
Packaging file 'AriaCompleteTest.cs'...
Packaging file 'ForgotPassword.aspx.cs'...
Packaging file 'ConfigFactory.cs'...
Packaging file 'LoginLogout.cs'...
Packaging file 'AddAccountReview.aspx.cs'...
Packaging file 'AddAccountConfirmation.aspx'...
Packaging file 'AriaWebServices.dll'...
Packaging file 'SessionSupport.cs'...
Packaging file 'AddAccountPaymentInformation.aspx'...
Packaging file 'AccountInfo.aspx'...
Packaging file 'AddAccountPaymentInformation.aspx.cs'...
Packaging file 'AddAccountPlanInfo.aspx'...
Packaging file 'StateProvinceControl.ascx'...
Packaging file 'Web.config'...
Packaging file 'Logout.aspx.cs'...
Packaging file 'Login.aspx'...
Packaging file 'Login.aspx.cs'...
Packaging file 'AddAccountReview.aspx'...
Packaging file 'AddAccountConfirmation.aspx.cs'...
Packaging file 'LoginNavigationControl.ascx.cs'...
Packaging file 'AddAccountInfo.aspx'...
Packaging file 'Logout.aspx'...
Packaging file 'USS.aspx.cs'...
Packaging file 'AddAccountInfo.aspx.cs'...
Packaging file 'LoginNavigationControl.ascx'...
Packaging file 'AccountInfo.aspx.cs'...
Packaging file 'USS.aspx'...
Packaging file 'AriaRestClient.pdb'...
========== Rebuild All: 6 succeeded, 0 failed, 0 skipped ==========


Package 'Microsoft.VisualStudio.TestTools.TestCaseManagement.QualityToolsPackage, Microsoft.VisualStudio.QualityTools.TestCaseManagement, Version=10.0.0.0, Culture=neutral, PublicKeyToken=b03f5f7f11d50a3a' failed to load.
------ Rebuild All started: Project: AriaRestClient, Configuration: Release Any CPU ------
  AriaRestClient -> D:\JGUEVARA\Desarrollo\Aria\NetSDK\src\AriaRestClient\bin\Release\AriaRestClient.dll
------ Rebuild All started: Project: AriaWebServices (AriaServices\AriaWebServices\AriaWebServices), Configuration: Release Any CPU ------
  AriaWebServices -> D:\JGUEVARA\Desarrollo\Aria\NetSDK\src\AriaServices\AriaWebServices\AriaWebServices\bin\Release\AriaWebServices.dll
------ Rebuild All started: Project: AriarestClientTest, Configuration: Release Any CPU ------
  AriarestClientTest -> D:\JGUEVARA\Desarrollo\Aria\NetSDK\src\AriarestClientTest\bin\Release\AriarestClientTest.dll
------ Rebuild All started: Project: http://localhost/AriaSampleApps2010/, Configuration: Debug Any CPU ------
Validating Web Site
Building directory '/AriaSampleApps2010/App_Code/'.
Building directory '/AriaSampleApps2010/Properties/'.
Building directory '/AriaSampleApps2010/_includes/js/'.
Building directory '/AriaSampleApps2010/App_LocalResources/'.
Building directory '/AriaSampleApps2010/'.

D:\JGUEVARA\Desarrollo\Aria\NetSDK\src\UIProjects\AriaSampleApps\USS.aspx.cs(233,18): warning CS0219: La variable 'updated' est  asignada, pero su valor nunca se utiliza
D:\JGUEVARA\Desarrollo\Aria\NetSDK\src\UIProjects\AriaSampleApps\USS.aspx.cs(404,20): warning CS0168: La variable 'state' se ha declarado pero nunca se utiliza
D:\JGUEVARA\Desarrollo\Aria\NetSDK\src\UIProjects\AriaSampleApps\USS.aspx.cs(663,25): warning CS0472: El resultado de la expresi¢n siempre es 'false', dado que un valor de tipo 'double' nunca es igual a 'null' de tipo 'double?'
Validation Complete
------ Rebuild All started: Project: AriaWebServicesTest, Configuration: Release Any CPU ------
  AriaWebServicesTest -> D:\JGUEVARA\Desarrollo\Aria\NetSDK\src\AriaServices\AriaWebServices\AriaWebServicesTest\bin\Release\AriaWebServicesTest.dll
------ Starting pre-build validation for project 'AriaSDKInstaller' ------ 
------ Pre-build validation for project 'AriaSDKInstaller' completed ------
------ Rebuild All started: Project: AriaSDKInstaller, Configuration: Release ------
Building file 'D:\JGUEVARA\Desarrollo\Aria\NetSDK\src\SDKInstaller\Release\AriaSDKInstaller.msi'...
WARNING: The target version of the .NET Framework in the project does not match the .NET Framework launch condition version '3.5.30729   '. Update the version of the .NET Framework launch condition to match the target version of the.NET Framework in the Advanced Compile Options Dialog Box (VB) or the Application Page (C#, F#).
Packaging file 'AriaRestClient.dll'...
Packaging file 'ForgotPassword.aspx'...
Packaging file 'AddAccountPlanInfo.aspx.cs'...
Packaging file 'Newtonsoft.Json.Net35.dll'...
Packaging file 'StateProvinceControl.ascx.cs'...
Packaging file 'AriaCompleteTest.cs'...
Packaging file 'ForgotPassword.aspx.cs'...
Packaging file 'ConfigFactory.cs'...
Packaging file 'LoginLogout.cs'...
Packaging file 'AddAccountReview.aspx.cs'...
Packaging file 'AddAccountConfirmation.aspx'...
Packaging file 'AriaWebServices.dll'...
Packaging file 'SessionSupport.cs'...
Packaging file 'AddAccountPaymentInformation.aspx'...
Packaging file 'AccountInfo.aspx'...
Packaging file 'AddAccountPaymentInformation.aspx.cs'...
Packaging file 'AddAccountPlanInfo.aspx'...
Packaging file 'StateProvinceControl.ascx'...
Packaging file 'Web.config'...
Packaging file 'Logout.aspx.cs'...
Packaging file 'Login.aspx'...
Packaging file 'Login.aspx.cs'...
Packaging file 'AddAccountReview.aspx'...
Packaging file 'AddAccountConfirmation.aspx.cs'...
Packaging file 'LoginNavigationControl.ascx.cs'...
Packaging file 'AddAccountInfo.aspx'...
Packaging file 'Logout.aspx'...
Packaging file 'USS.aspx.cs'...
Packaging file 'AddAccountInfo.aspx.cs'...
Packaging file 'LoginNavigationControl.ascx'...
Packaging file 'AccountInfo.aspx.cs'...
Packaging file 'USS.aspx'...
Packaging file 'AriaRestClient.pdb'...
========== Rebuild All: 6 succeeded, 0 failed, 0 skipped ==========


Package 'Microsoft.VisualStudio.TestTools.TestCaseManagement.QualityToolsPackage, Microsoft.VisualStudio.QualityTools.TestCaseManagement, Version=10.0.0.0, Culture=neutral, PublicKeyToken=b03f5f7f11d50a3a' failed to load.
------ Rebuild All started: Project: AriaRestClient, Configuration: Release Any CPU ------
  AriaRestClient -> D:\JGUEVARA\Desarrollo\Aria\NetSDK\src\AriaRestClient\bin\Release\AriaRestClient.dll
------ Rebuild All started: Project: AriaWebServices (AriaServices\AriaWebServices\AriaWebServices), Configuration: Release Any CPU ------
  AriaWebServices -> D:\JGUEVARA\Desarrollo\Aria\NetSDK\src\AriaServices\AriaWebServices\AriaWebServices\bin\Release\AriaWebServices.dll
------ Rebuild All started: Project: AriarestClientTest, Configuration: Release Any CPU ------
  AriarestClientTest -> D:\JGUEVARA\Desarrollo\Aria\NetSDK\src\AriarestClientTest\bin\Release\AriarestClientTest.dll
------ Rebuild All started: Project: http://localhost/AriaSampleApps2010/, Configuration: Debug Any CPU ------
Validating Web Site
Building directory '/AriaSampleApps2010/App_Code/'.
Building directory '/AriaSampleApps2010/Properties/'.
Building directory '/AriaSampleApps2010/_includes/js/'.
Building directory '/AriaSampleApps2010/App_LocalResources/'.
Building directory '/AriaSampleApps2010/'.

D:\JGUEVARA\Desarrollo\Aria\NetSDK\src\UIProjects\AriaSampleApps\USS.aspx.cs(233,18): warning CS0219: La variable 'updated' est  asignada, pero su valor nunca se utiliza
D:\JGUEVARA\Desarrollo\Aria\NetSDK\src\UIProjects\AriaSampleApps\USS.aspx.cs(404,20): warning CS0168: La variable 'state' se ha declarado pero nunca se utiliza
D:\JGUEVARA\Desarrollo\Aria\NetSDK\src\UIProjects\AriaSampleApps\USS.aspx.cs(663,25): warning CS0472: El resultado de la expresi¢n siempre es 'false', dado que un valor de tipo 'double' nunca es igual a 'null' de tipo 'double?'
Validation Complete
------ Rebuild All started: Project: AriaWebServicesTest, Configuration: Release Any CPU ------
  AriaWebServicesTest -> D:\JGUEVARA\Desarrollo\Aria\NetSDK\src\AriaServices\AriaWebServices\AriaWebServicesTest\bin\Release\AriaWebServicesTest.dll
------ Starting pre-build validation for project 'AriaSDKInstaller' ------ 
------ Pre-build validation for project 'AriaSDKInstaller' completed ------
------ Rebuild All started: Project: AriaSDKInstaller, Configuration: Release ------
Building file 'D:\JGUEVARA\Desarrollo\Aria\NetSDK\src\SDKInstaller\Release\AriaSDKInstaller.msi'...
WARNING: The target version of the .NET Framework in the project does not match the .NET Framework launch condition version '3.5.30729   '. Update the version of the .NET Framework launch condition to match the target version of the.NET Framework in the Advanced Compile Options Dialog Box (VB) or the Application Page (C#, F#).
Packaging file 'AriaRestClient.dll'...
Packaging file 'ForgotPassword.aspx'...
Packaging file 'AddAccountPlanInfo.aspx.cs'...
Packaging file 'Newtonsoft.Json.Net35.dll'...
Packaging file 'StateProvinceControl.ascx.cs'...
Packaging file 'AriaCompleteTest.cs'...
Packaging file 'ForgotPassword.aspx.cs'...
Packaging file 'ConfigFactory.cs'...
Packaging file 'LoginLogout.cs'...
Packaging file 'AddAccountReview.aspx.cs'...
Packaging file 'AddAccountConfirmation.aspx'...
Packaging file 'AriaWebServices.dll'...
Packaging file 'SessionSupport.cs'...
Packaging file 'AddAccountPaymentInformation.aspx'...
Packaging file 'AccountInfo.aspx'...
Packaging file 'AddAccountPaymentInformation.aspx.cs'...
Packaging file 'AddAccountPlanInfo.aspx'...
Packaging file 'StateProvinceControl.ascx'...
Packaging file 'Web.config'...
Packaging file 'Logout.aspx.cs'...
Packaging file 'Login.aspx'...
Packaging file 'Login.aspx.cs'...
Packaging file 'AddAccountReview.aspx'...
Packaging file 'AddAccountConfirmation.aspx.cs'...
Packaging file 'LoginNavigationControl.ascx.cs'...
Packaging file 'AddAccountInfo.aspx'...
Packaging file 'Logout.aspx'...
Packaging file 'USS.aspx.cs'...
Packaging file 'AddAccountInfo.aspx.cs'...
Packaging file 'LoginNavigationControl.ascx'...
Packaging file 'AccountInfo.aspx.cs'...
Packaging file 'USS.aspx'...
Packaging file 'AriaRestClient.pdb'...
========== Rebuild All: 6 succeeded, 0 failed, 0 skipped ==========


Package 'Microsoft.VisualStudio.TestTools.TestCaseManagement.QualityToolsPackage, Microsoft.VisualStudio.QualityTools.TestCaseManagement, Version=10.0.0.0, Culture=neutral, PublicKeyToken=b03f5f7f11d50a3a' failed to load.
------ Rebuild All started: Project: AriaRestClient, Configuration: Release Any CPU ------
  AriaRestClient -> D:\JGUEVARA\Desarrollo\Aria\NetSDK\src\AriaRestClient\bin\Release\AriaRestClient.dll
------ Rebuild All started: Project: AriaWebServices (AriaServices\AriaWebServices\AriaWebServices), Configuration: Release Any CPU ------
  AriaWebServices -> D:\JGUEVARA\Desarrollo\Aria\NetSDK\src\AriaServices\AriaWebServices\AriaWebServices\bin\Release\AriaWebServices.dll
------ Rebuild All started: Project: AriarestClientTest, Configuration: Release Any CPU ------
  AriarestClientTest -> D:\JGUEVARA\Desarrollo\Aria\NetSDK\src\AriarestClientTest\bin\Release\AriarestClientTest.dll
------ Rebuild All started: Project: http://localhost/AriaSampleApps2010/, Configuration: Debug Any CPU ------
Validating Web Site
Building directory '/AriaSampleApps2010/App_Code/'.
Building directory '/AriaSampleApps2010/Properties/'.
Building directory '/AriaSampleApps2010/_includes/js/'.
Building directory '/AriaSampleApps2010/App_LocalResources/'.
Building directory '/AriaSampleApps2010/'.

D:\JGUEVARA\Desarrollo\Aria\NetSDK\src\UIProjects\AriaSampleApps\USS.aspx.cs(233,18): warning CS0219: La variable 'updated' est  asignada, pero su valor nunca se utiliza
D:\JGUEVARA\Desarrollo\Aria\NetSDK\src\UIProjects\AriaSampleApps\USS.aspx.cs(404,20): warning CS0168: La variable 'state' se ha declarado pero nunca se utiliza
D:\JGUEVARA\Desarrollo\Aria\NetSDK\src\UIProjects\AriaSampleApps\USS.aspx.cs(663,25): warning CS0472: El resultado de la expresi¢n siempre es 'false', dado que un valor de tipo 'double' nunca es igual a 'null' de tipo 'double?'
Validation Complete
------ Rebuild All started: Project: AriaWebServicesTest, Configuration: Release Any CPU ------
  AriaWebServicesTest -> D:\JGUEVARA\Desarrollo\Aria\NetSDK\src\AriaServices\AriaWebServices\AriaWebServicesTest\bin\Release\AriaWebServicesTest.dll
------ Starting pre-build validation for project 'AriaSDKInstaller' ------ 
------ Pre-build validation for project 'AriaSDKInstaller' completed ------
------ Rebuild All started: Project: AriaSDKInstaller, Configuration: Release ------
Building file 'D:\JGUEVARA\Desarrollo\Aria\NetSDK\src\SDKInstaller\Release\AriaSDKInstaller.msi'...
WARNING: The target version of the .NET Framework in the project does not match the .NET Framework launch condition version '3.5.30729   '. Update the version of the .NET Framework launch condition to match the target version of the.NET Framework in the Advanced Compile Options Dialog Box (VB) or the Application Page (C#, F#).
Packaging file 'AriaRestClient.dll'...
Packaging file 'ForgotPassword.aspx'...
Packaging file 'AddAccountPlanInfo.aspx.cs'...
Packaging file 'Newtonsoft.Json.Net35.dll'...
Packaging file 'StateProvinceControl.ascx.cs'...
Packaging file 'AriaCompleteTest.cs'...
Packaging file 'ForgotPassword.aspx.cs'...
Packaging file 'ConfigFactory.cs'...
Packaging file 'LoginLogout.cs'...
Packaging file 'AddAccountReview.aspx.cs'...
Packaging file 'AddAccountConfirmation.aspx'...
Packaging file 'AriaWebServices.dll'...
Packaging file 'SessionSupport.cs'...
Packaging file 'AddAccountPaymentInformation.aspx'...
Packaging file 'AccountInfo.aspx'...
Packaging file 'AddAccountPaymentInformation.aspx.cs'...
Packaging file 'AddAccountPlanInfo.aspx'...
Packaging file 'StateProvinceControl.ascx'...
Packaging file 'Web.config'...
Packaging file 'Logout.aspx.cs'...
Packaging file 'Login.aspx'...
Packaging file 'Login.aspx.cs'...
Packaging file 'AddAccountReview.aspx'...
Packaging file 'AddAccountConfirmation.aspx.cs'...
Packaging file 'LoginNavigationControl.ascx.cs'...
Packaging file 'AddAccountInfo.aspx'...
Packaging file 'Logout.aspx'...
Packaging file 'USS.aspx.cs'...
Packaging file 'AddAccountInfo.aspx.cs'...
Packaging file 'LoginNavigationControl.ascx'...
Packaging file 'AccountInfo.aspx.cs'...
Packaging file 'USS.aspx'...
Packaging file 'AriaRestClient.pdb'...
========== Rebuild All: 6 succeeded, 0 failed, 0 skipped ==========


Package 'Microsoft.VisualStudio.TestTools.TestCaseManagement.QualityToolsPackage, Microsoft.VisualStudio.QualityTools.TestCaseManagement, Version=10.0.0.0, Culture=neutral, PublicKeyToken=b03f5f7f11d50a3a' failed to load.
------ Rebuild All started: Project: AriaRestClient, Configuration: Release Any CPU ------
  AriaRestClient -> D:\JGUEVARA\Desarrollo\Aria\NetSDK\src\AriaRestClient\bin\Release\AriaRestClient.dll
------ Rebuild All started: Project: AriaWebServices (AriaServices\AriaWebServices\AriaWebServices), Configuration: Release Any CPU ------
  AriaWebServices -> D:\JGUEVARA\Desarrollo\Aria\NetSDK\src\AriaServices\AriaWebServices\AriaWebServices\bin\Release\AriaWebServices.dll
------ Rebuild All started: Project: AriarestClientTest, Configuration: Release Any CPU ------
  AriarestClientTest -> D:\JGUEVARA\Desarrollo\Aria\NetSDK\src\AriarestClientTest\bin\Release\AriarestClientTest.dll
------ Rebuild All started: Project: http://localhost/AriaSampleApps2010/, Configuration: Debug Any CPU ------
Validating Web Site
Building directory '/AriaSampleApps2010/App_Code/'.
Building directory '/AriaSampleApps2010/Properties/'.
Building directory '/AriaSampleApps2010/_includes/js/'.
Building directory '/AriaSampleApps2010/App_LocalResources/'.
Building directory '/AriaSampleApps2010/'.

D:\JGUEVARA\Desarrollo\Aria\NetSDK\src\UIProjects\AriaSampleApps\USS.aspx.cs(233,18): warning CS0219: La variable 'updated' est  asignada, pero su valor nunca se utiliza
D:\JGUEVARA\Desarrollo\Aria\NetSDK\src\UIProjects\AriaSampleApps\USS.aspx.cs(404,20): warning CS0168: La variable 'state' se ha declarado pero nunca se utiliza
D:\JGUEVARA\Desarrollo\Aria\NetSDK\src\UIProjects\AriaSampleApps\USS.aspx.cs(663,25): warning CS0472: El resultado de la expresi¢n siempre es 'false', dado que un valor de tipo 'double' nunca es igual a 'null' de tipo 'double?'
Validation Complete
------ Rebuild All started: Project: AriaWebServicesTest, Configuration: Release Any CPU ------
  AriaWebServicesTest -> D:\JGUEVARA\Desarrollo\Aria\NetSDK\src\AriaServices\AriaWebServices\AriaWebServicesTest\bin\Release\AriaWebServicesTest.dll
------ Starting pre-build validation for project 'AriaSDKInstaller' ------ 
------ Pre-build validation for project 'AriaSDKInstaller' completed ------
------ Rebuild All started: Project: AriaSDKInstaller, Configuration: Release ------
Building file 'D:\JGUEVARA\Desarrollo\Aria\NetSDK\src\SDKInstaller\Release\AriaSDKInstaller.msi'...
WARNING: The target version of the .NET Framework in the project does not match the .NET Framework launch condition version '3.5.30729   '. Update the version of the .NET Framework launch condition to match the target version of the.NET Framework in the Advanced Compile Options Dialog Box (VB) or the Application Page (C#, F#).
Packaging file 'AriaRestClient.dll'...
Packaging file 'ForgotPassword.aspx'...
Packaging file 'AddAccountPlanInfo.aspx.cs'...
Packaging file 'Newtonsoft.Json.Net35.dll'...
Packaging file 'StateProvinceControl.ascx.cs'...
Packaging file 'AriaCompleteTest.cs'...
Packaging file 'ForgotPassword.aspx.cs'...
Packaging file 'ConfigFactory.cs'...
Packaging file 'LoginLogout.cs'...
Packaging file 'AddAccountReview.aspx.cs'...
Packaging file 'AddAccountConfirmation.aspx'...
Packaging file 'AriaWebServices.dll'...
Packaging file 'SessionSupport.cs'...
Packaging file 'AddAccountPaymentInformation.aspx'...
Packaging file 'AccountInfo.aspx'...
Packaging file 'AddAccountPaymentInformation.aspx.cs'...
Packaging file 'AddAccountPlanInfo.aspx'...
Packaging file 'StateProvinceControl.ascx'...
Packaging file 'Web.config'...
Packaging file 'Logout.aspx.cs'...
Packaging file 'Login.aspx'...
Packaging file 'Login.aspx.cs'...
Packaging file 'AddAccountReview.aspx'...
Packaging file 'AddAccountConfirmation.aspx.cs'...
Packaging file 'LoginNavigationControl.ascx.cs'...
Packaging file 'AddAccountInfo.aspx'...
Packaging file 'Logout.aspx'...
Packaging file 'USS.aspx.cs'...
Packaging file 'AddAccountInfo.aspx.cs'...
Packaging file 'LoginNavigationControl.ascx'...
Packaging file 'AccountInfo.aspx.cs'...
Packaging file 'USS.aspx'...
Packaging file 'AriaRestClient.pdb'...
========== Rebuild All: 6 succeeded, 0 failed, 0 skipped ==========


Package 'Microsoft.VisualStudio.TestTools.TestCaseManagement.QualityToolsPackage, Microsoft.VisualStudio.QualityTools.TestCaseManagement, Version=10.0.0.0, Culture=neutral, PublicKeyToken=b03f5f7f11d50a3a' failed to load.
------ Rebuild All started: Project: AriaRestClient, Configuration: Release Any CPU ------
  AriaRestClient -> D:\JGUEVARA\Desarrollo\Aria\NetSDK\src\AriaRestClient\bin\Release\AriaRestClient.dll
------ Rebuild All started: Project: AriaWebServices (AriaServices\AriaWebServices\AriaWebServices), Configuration: Release Any CPU ------
  AriaWebServices -> D:\JGUEVARA\Desarrollo\Aria\NetSDK\src\AriaServices\AriaWebServices\AriaWebServices\bin\Release\AriaWebServices.dll
------ Rebuild All started: Project: AriarestClientTest, Configuration: Release Any CPU ------
  AriarestClientTest -> D:\JGUEVARA\Desarrollo\Aria\NetSDK\src\AriarestClientTest\bin\Release\AriarestClientTest.dll
------ Rebuild All started: Project: http://localhost/AriaSampleApps2010/, Configuration: Debug Any CPU ------
Validating Web Site
Building directory '/AriaSampleApps2010/App_Code/'.
Building directory '/AriaSampleApps2010/Properties/'.
Building directory '/AriaSampleApps2010/_includes/js/'.
Building directory '/AriaSampleApps2010/App_LocalResources/'.
Building directory '/AriaSampleApps2010/'.

D:\JGUEVARA\Desarrollo\Aria\NetSDK\src\UIProjects\AriaSampleApps\USS.aspx.cs(233,18): warning CS0219: La variable 'updated' est  asignada, pero su valor nunca se utiliza
D:\JGUEVARA\Desarrollo\Aria\NetSDK\src\UIProjects\AriaSampleApps\USS.aspx.cs(404,20): warning CS0168: La variable 'state' se ha declarado pero nunca se utiliza
D:\JGUEVARA\Desarrollo\Aria\NetSDK\src\UIProjects\AriaSampleApps\USS.aspx.cs(663,25): warning CS0472: El resultado de la expresi¢n siempre es 'false', dado que un valor de tipo 'double' nunca es igual a 'null' de tipo 'double?'
Validation Complete
------ Rebuild All started: Project: AriaWebServicesTest, Configuration: Release Any CPU ------
  AriaWebServicesTest -> D:\JGUEVARA\Desarrollo\Aria\NetSDK\src\AriaServices\AriaWebServices\AriaWebServicesTest\bin\Release\AriaWebServicesTest.dll
------ Starting pre-build validation for project 'AriaSDKInstaller' ------ 
------ Pre-build validation for project 'AriaSDKInstaller' completed ------
------ Rebuild All started: Project: AriaSDKInstaller, Configuration: Release ------
Building file 'D:\JGUEVARA\Desarrollo\Aria\NetSDK\src\SDKInstaller\Release\AriaSDKInstaller.msi'...
WARNING: The target version of the .NET Framework in the project does not match the .NET Framework launch condition version '3.5.30729   '. Update the version of the .NET Framework launch condition to match the target version of the.NET Framework in the Advanced Compile Options Dialog Box (VB) or the Application Page (C#, F#).
Packaging file 'AriaRestClient.dll'...
Packaging file 'ForgotPassword.aspx'...
Packaging file 'AddAccountPlanInfo.aspx.cs'...
Packaging file 'Newtonsoft.Json.Net35.dll'...
Packaging file 'StateProvinceControl.ascx.cs'...
Packaging file 'AriaCompleteTest.cs'...
Packaging file 'ForgotPassword.aspx.cs'...
Packaging file 'ConfigFactory.cs'...
Packaging file 'LoginLogout.cs'...
Packaging file 'AddAccountReview.aspx.cs'...
Packaging file 'AddAccountConfirmation.aspx'...
Packaging file 'AriaWebServices.dll'...
Packaging file 'SessionSupport.cs'...
Packaging file 'AddAccountPaymentInformation.aspx'...
Packaging file 'AccountInfo.aspx'...
Packaging file 'AddAccountPaymentInformation.aspx.cs'...
Packaging file 'AddAccountPlanInfo.aspx'...
Packaging file 'StateProvinceControl.ascx'...
Packaging file 'Web.config'...
Packaging file 'Logout.aspx.cs'...
Packaging file 'Login.aspx'...
Packaging file 'Login.aspx.cs'...
Packaging file 'AddAccountReview.aspx'...
Packaging file 'AddAccountConfirmation.aspx.cs'...
Packaging file 'LoginNavigationControl.ascx.cs'...
Packaging file 'AddAccountInfo.aspx'...
Packaging file 'Logout.aspx'...
Packaging file 'USS.aspx.cs'...
Packaging file 'AddAccountInfo.aspx.cs'...
Packaging file 'LoginNavigationControl.ascx'...
Packaging file 'AccountInfo.aspx.cs'...
Packaging file 'USS.aspx'...
Packaging file 'AriaRestClient.pdb'...
========== Rebuild All: 6 succeeded, 0 failed, 0 skipped ==========


Package 'Microsoft.VisualStudio.TestTools.TestCaseManagement.QualityToolsPackage, Microsoft.VisualStudio.QualityTools.TestCaseManagement, Version=10.0.0.0, Culture=neutral, PublicKeyToken=b03f5f7f11d50a3a' failed to load.
------ Rebuild All started: Project: AriaRestClient, Configuration: Release Any CPU ------
  AriaRestClient -> D:\JGUEVARA\Desarrollo\Aria\NetSDK\src\AriaRestClient\bin\Release\AriaRestClient.dll
------ Rebuild All started: Project: AriaWebServices (AriaServices\AriaWebServices\AriaWebServices), Configuration: Release Any CPU ------
  AriaWebServices -> D:\JGUEVARA\Desarrollo\Aria\NetSDK\src\AriaServices\AriaWebServices\AriaWebServices\bin\Release\AriaWebServices.dll
------ Rebuild All started: Project: AriarestClientTest, Configuration: Release Any CPU ------
  AriarestClientTest -> D:\JGUEVARA\Desarrollo\Aria\NetSDK\src\AriarestClientTest\bin\Release\AriarestClientTest.dll
------ Rebuild All started: Project: http://localhost/AriaSampleApps2010/, Configuration: Debug Any CPU ------
Validating Web Site
Building directory '/AriaSampleApps2010/App_Code/'.
Building directory '/AriaSampleApps2010/Properties/'.
Building directory '/AriaSampleApps2010/_includes/js/'.
Building directory '/AriaSampleApps2010/App_LocalResources/'.
Building directory '/AriaSampleApps2010/'.

D:\JGUEVARA\Desarrollo\Aria\NetSDK\src\UIProjects\AriaSampleApps\USS.aspx.cs(233,18): warning CS0219: La variable 'updated' est  asignada, pero su valor nunca se utiliza
D:\JGUEVARA\Desarrollo\Aria\NetSDK\src\UIProjects\AriaSampleApps\USS.aspx.cs(404,20): warning CS0168: La variable 'state' se ha declarado pero nunca se utiliza
D:\JGUEVARA\Desarrollo\Aria\NetSDK\src\UIProjects\AriaSampleApps\USS.aspx.cs(663,25): warning CS0472: El resultado de la expresi¢n siempre es 'false', dado que un valor de tipo 'double' nunca es igual a 'null' de tipo 'double?'
Validation Complete
------ Rebuild All started: Project: AriaWebServicesTest, Configuration: Release Any CPU ------
  AriaWebServicesTest -> D:\JGUEVARA\Desarrollo\Aria\NetSDK\src\AriaServices\AriaWebServices\AriaWebServicesTest\bin\Release\AriaWebServicesTest.dll
------ Starting pre-build validation for project 'AriaSDKInstaller' ------ 
------ Pre-build validation for project 'AriaSDKInstaller' completed ------
------ Rebuild All started: Project: AriaSDKInstaller, Configuration: Release ------
Building file 'D:\JGUEVARA\Desarrollo\Aria\NetSDK\src\SDKInstaller\Release\AriaSDKInstaller.msi'...
WARNING: The target version of the .NET Framework in the project does not match the .NET Framework launch condition version '3.5.30729   '. Update the version of the .NET Framework launch condition to match the target version of the.NET Framework in the Advanced Compile Options Dialog Box (VB) or the Application Page (C#, F#).
Packaging file 'AriaRestClient.dll'...
Packaging file 'ForgotPassword.aspx'...
Packaging file 'AddAccountPlanInfo.aspx.cs'...
Packaging file 'Newtonsoft.Json.Net35.dll'...
Packaging file 'StateProvinceControl.ascx.cs'...
Packaging file 'AriaCompleteTest.cs'...
Packaging file 'ForgotPassword.aspx.cs'...
Packaging file 'ConfigFactory.cs'...
Packaging file 'LoginLogout.cs'...
Packaging file 'AddAccountReview.aspx.cs'...
Packaging file 'AddAccountConfirmation.aspx'...
Packaging file 'AriaWebServices.dll'...
Packaging file 'SessionSupport.cs'...
Packaging file 'AddAccountPaymentInformation.aspx'...
Packaging file 'AccountInfo.aspx'...
Packaging file 'AddAccountPaymentInformation.aspx.cs'...
Packaging file 'AddAccountPlanInfo.aspx'...
Packaging file 'StateProvinceControl.ascx'...
Packaging file 'Web.config'...
Packaging file 'Logout.aspx.cs'...
Packaging file 'Login.aspx'...
Packaging file 'Login.aspx.cs'...
Packaging file 'AddAccountReview.aspx'...
Packaging file 'AddAccountConfirmation.aspx.cs'...
Packaging file 'LoginNavigationControl.ascx.cs'...
Packaging file 'AddAccountInfo.aspx'...
Packaging file 'Logout.aspx'...
Packaging file 'USS.aspx.cs'...
Packaging file 'AddAccountInfo.aspx.cs'...
Packaging file 'LoginNavigationControl.ascx'...
Packaging file 'AccountInfo.aspx.cs'...
Packaging file 'USS.aspx'...
Packaging file 'AriaRestClient.pdb'...
========== Rebuild All: 6 succeeded, 0 failed, 0 skipped ==========


Package 'Microsoft.VisualStudio.TestTools.TestCaseManagement.QualityToolsPackage, Microsoft.VisualStudio.QualityTools.TestCaseManagement, Version=10.0.0.0, Culture=neutral, PublicKeyToken=b03f5f7f11d50a3a' failed to load.
------ Rebuild All started: Project: AriaRestClient, Configuration: Release Any CPU ------
  AriaRestClient -> D:\JGUEVARA\Desarrollo\Aria\NetSDK\src\AriaRestClient\bin\Release\AriaRestClient.dll
------ Rebuild All started: Project: AriaWebServices (AriaServices\AriaWebServices\AriaWebServices), Configuration: Release Any CPU ------
  AriaWebServices -> D:\JGUEVARA\Desarrollo\Aria\NetSDK\src\AriaServices\AriaWebServices\AriaWebServices\bin\Release\AriaWebServices.dll
------ Rebuild All started: Project: AriarestClientTest, Configuration: Release Any CPU ------
  AriarestClientTest -> D:\JGUEVARA\Desarrollo\Aria\NetSDK\src\AriarestClientTest\bin\Release\AriarestClientTest.dll
------ Rebuild All started: Project: http://localhost/AriaSampleApps2010/, Configuration: Debug Any CPU ------
Validating Web Site
Building directory '/AriaSampleApps2010/App_Code/'.
Building directory '/AriaSampleApps2010/Properties/'.
Building directory '/AriaSampleApps2010/_includes/js/'.
Building directory '/AriaSampleApps2010/App_LocalResources/'.
Building directory '/AriaSampleApps2010/'.

D:\JGUEVARA\Desarrollo\Aria\NetSDK\src\UIProjects\AriaSampleApps\USS.aspx.cs(233,18): warning CS0219: La variable 'updated' est  asignada, pero su valor nunca se utiliza
D:\JGUEVARA\Desarrollo\Aria\NetSDK\src\UIProjects\AriaSampleApps\USS.aspx.cs(404,20): warning CS0168: La variable 'state' se ha declarado pero nunca se utiliza
D:\JGUEVARA\Desarrollo\Aria\NetSDK\src\UIProjects\AriaSampleApps\USS.aspx.cs(663,25): warning CS0472: El resultado de la expresi¢n siempre es 'false', dado que un valor de tipo 'double' nunca es igual a 'null' de tipo 'double?'
Validation Complete
------ Rebuild All started: Project: AriaWebServicesTest, Configuration: Release Any CPU ------
  AriaWebServicesTest -> D:\JGUEVARA\Desarrollo\Aria\NetSDK\src\AriaServices\AriaWebServices\AriaWebServicesTest\bin\Release\AriaWebServicesTest.dll
------ Starting pre-build validation for project 'AriaSDKInstaller' ------ 
------ Pre-build validation for project 'AriaSDKInstaller' completed ------
------ Rebuild All started: Project: AriaSDKInstaller, Configuration: Release ------
Building file 'D:\JGUEVARA\Desarrollo\Aria\NetSDK\src\SDKInstaller\Release\AriaSDKInstaller.msi'...
WARNING: The target version of the .NET Framework in the project does not match the .NET Framework launch condition version '3.5.30729   '. Update the version of the .NET Framework launch condition to match the target version of the.NET Framework in the Advanced Compile Options Dialog Box (VB) or the Application Page (C#, F#).
Packaging file 'AriaRestClient.dll'...
Packaging file 'ForgotPassword.aspx'...
Packaging file 'AddAccountPlanInfo.aspx.cs'...
Packaging file 'Newtonsoft.Json.Net35.dll'...
Packaging file 'StateProvinceControl.ascx.cs'...
Packaging file 'AriaCompleteTest.cs'...
Packaging file 'ForgotPassword.aspx.cs'...
Packaging file 'ConfigFactory.cs'...
Packaging file 'LoginLogout.cs'...
Packaging file 'AddAccountReview.aspx.cs'...
Packaging file 'AddAccountConfirmation.aspx'...
Packaging file 'AriaWebServices.dll'...
Packaging file 'SessionSupport.cs'...
Packaging file 'AddAccountPaymentInformation.aspx'...
Packaging file 'AccountInfo.aspx'...
Packaging file 'AddAccountPaymentInformation.aspx.cs'...
Packaging file 'AddAccountPlanInfo.aspx'...
Packaging file 'StateProvinceControl.ascx'...
Packaging file 'Web.config'...
Packaging file 'Logout.aspx.cs'...
Packaging file 'Login.aspx'...
Packaging file 'Login.aspx.cs'...
Packaging file 'AddAccountReview.aspx'...
Packaging file 'AddAccountConfirmation.aspx.cs'...
Packaging file 'LoginNavigationControl.ascx.cs'...
Packaging file 'AddAccountInfo.aspx'...
Packaging file 'Logout.aspx'...
Packaging file 'USS.aspx.cs'...
Packaging file 'AddAccountInfo.aspx.cs'...
Packaging file 'LoginNavigationControl.ascx'...
Packaging file 'AccountInfo.aspx.cs'...
Packaging file 'USS.aspx'...
Packaging file 'AriaRestClient.pdb'...
========== Rebuild All: 6 succeeded, 0 failed, 0 skipped ==========


Package 'Microsoft.VisualStudio.TestTools.TestCaseManagement.QualityToolsPackage, Microsoft.VisualStudio.QualityTools.TestCaseManagement, Version=10.0.0.0, Culture=neutral, PublicKeyToken=b03f5f7f11d50a3a' failed to load.
------ Rebuild All started: Project: AriaRestClient, Configuration: Release Any CPU ------
  AriaRestClient -> D:\JGUEVARA\Desarrollo\Aria\NetSDK\src\AriaRestClient\bin\Release\AriaRestClient.dll
------ Rebuild All started: Project: AriaWebServices (AriaServices\AriaWebServices\AriaWebServices), Configuration: Release Any CPU ------
  AriaWebServices -> D:\JGUEVARA\Desarrollo\Aria\NetSDK\src\AriaServices\AriaWebServices\AriaWebServices\bin\Release\AriaWebServices.dll
------ Rebuild All started: Project: AriarestClientTest, Configuration: Release Any CPU ------
  AriarestClientTest -> D:\JGUEVARA\Desarrollo\Aria\NetSDK\src\AriarestClientTest\bin\Release\AriarestClientTest.dll
------ Rebuild All started: Project: http://localhost/AriaSampleApps2010/, Configuration: Debug Any CPU ------
Validating Web Site
Building directory '/AriaSampleApps2010/App_Code/'.
Building directory '/AriaSampleApps2010/Properties/'.
Building directory '/AriaSampleApps2010/_includes/js/'.
Building directory '/AriaSampleApps2010/App_LocalResources/'.
Building directory '/AriaSampleApps2010/'.

D:\JGUEVARA\Desarrollo\Aria\NetSDK\src\UIProjects\AriaSampleApps\USS.aspx.cs(233,18): warning CS0219: La variable 'updated' est  asignada, pero su valor nunca se utiliza
D:\JGUEVARA\Desarrollo\Aria\NetSDK\src\UIProjects\AriaSampleApps\USS.aspx.cs(404,20): warning CS0168: La variable 'state' se ha declarado pero nunca se utiliza
D:\JGUEVARA\Desarrollo\Aria\NetSDK\src\UIProjects\AriaSampleApps\USS.aspx.cs(663,25): warning CS0472: El resultado de la expresi¢n siempre es 'false', dado que un valor de tipo 'double' nunca es igual a 'null' de tipo 'double?'
Validation Complete
------ Rebuild All started: Project: AriaWebServicesTest, Configuration: Release Any CPU ------
  AriaWebServicesTest -> D:\JGUEVARA\Desarrollo\Aria\NetSDK\src\AriaServices\AriaWebServices\AriaWebServicesTest\bin\Release\AriaWebServicesTest.dll
------ Starting pre-build validation for project 'AriaSDKInstaller' ------ 
------ Pre-build validation for project 'AriaSDKInstaller' completed ------
------ Rebuild All started: Project: AriaSDKInstaller, Configuration: Release ------
Building file 'D:\JGUEVARA\Desarrollo\Aria\NetSDK\src\SDKInstaller\Release\AriaSDKInstaller.msi'...
WARNING: The target version of the .NET Framework in the project does not match the .NET Framework launch condition version '3.5.30729   '. Update the version of the .NET Framework launch condition to match the target version of the.NET Framework in the Advanced Compile Options Dialog Box (VB) or the Application Page (C#, F#).
Packaging file 'AriaRestClient.dll'...
Packaging file 'ForgotPassword.aspx'...
Packaging file 'AddAccountPlanInfo.aspx.cs'...
Packaging file 'Newtonsoft.Json.Net35.dll'...
Packaging file 'StateProvinceControl.ascx.cs'...
Packaging file 'AriaCompleteTest.cs'...
Packaging file 'ForgotPassword.aspx.cs'...
Packaging file 'ConfigFactory.cs'...
Packaging file 'LoginLogout.cs'...
Packaging file 'AddAccountReview.aspx.cs'...
Packaging file 'AddAccountConfirmation.aspx'...
Packaging file 'AriaWebServices.dll'...
Packaging file 'SessionSupport.cs'...
Packaging file 'AddAccountPaymentInformation.aspx'...
Packaging file 'AccountInfo.aspx'...
Packaging file 'AddAccountPaymentInformation.aspx.cs'...
Packaging file 'AddAccountPlanInfo.aspx'...
Packaging file 'StateProvinceControl.ascx'...
Packaging file 'Web.config'...
Packaging file 'Logout.aspx.cs'...
Packaging file 'Login.aspx'...
Packaging file 'Login.aspx.cs'...
Packaging file 'AddAccountReview.aspx'...
Packaging file 'AddAccountConfirmation.aspx.cs'...
Packaging file 'LoginNavigationControl.ascx.cs'...
Packaging file 'AddAccountInfo.aspx'...
Packaging file 'Logout.aspx'...
Packaging file 'USS.aspx.cs'...
Packaging file 'AddAccountInfo.aspx.cs'...
Packaging file 'LoginNavigationControl.ascx'...
Packaging file 'AccountInfo.aspx.cs'...
Packaging file 'USS.aspx'...
Packaging file 'AriaRestClient.pdb'...
========== Rebuild All: 6 succeeded, 0 failed, 0 skipped ==========


Package 'Microsoft.VisualStudio.TestTools.TestCaseManagement.QualityToolsPackage, Microsoft.VisualStudio.QualityTools.TestCaseManagement, Version=10.0.0.0, Culture=neutral, PublicKeyToken=b03f5f7f11d50a3a' failed to load.

Package 'Visual Studio Component Model Host Package' failed to load.

Package 'Microsoft.VisualStudio.Editor.Implementation.EditorPackage, Microsoft.VisualStudio.Editor.Implementation, Version=10.0.0.0, Culture=neutral, PublicKeyToken=b03f5f7f11d50a3a' failed to load.

Package 'VsDebugPresentationPackage, Version=10.0.0.0, Culture=neutral, PublicKeyToken=b03f5f7f11d50a3a' failed to load.
D:\JGUEVARA\Desarrollo\Aria\NetSDK\src\AriaServices\AriaWebServices\AriaWebServices\AriaWebServices.csproj : error  : Project 'AriaWebServices' could not be opened because the Microsoft Visual C# 2010 compiler could not be created. QueryService for '{7D960B16-7AF8-11D0-8E5E-00A0C911005A}' failed.

D:\JGUEVARA\Desarrollo\Aria\NetSDK\src\AriaServices\AriaWebServices\AriaWebServicesTest\AriaWebServicesTest.csproj : error  : Project 'AriaWebServicesTest' could not be opened because the Microsoft Visual C# 2010 compiler could not be created. QueryService for '{7D960B16-7AF8-11D0-8E5E-00A0C911005A}' failed.

D:\JGUEVARA\Desarrollo\Aria\NetSDK\src\AriaRestClient\AriaRestClient.csproj : error  : Project 'AriaRestClient' could not be opened because the Microsoft Visual C# 2010 compiler could not be created. QueryService for '{7D960B16-7AF8-11D0-8E5E-00A0C911005A}' failed.

D:\JGUEVARA\Desarrollo\Aria\NetSDK\src\AriarestClientTest\AriarestClientTest.csproj : error  : Project 'AriarestClientTest' could not be opened because the Microsoft Visual C# 2010 compiler could not be created. QueryService for '{7D960B16-7AF8-11D0-8E5E-00A0C911005A}' failed.


Package 'Microsoft.VisualStudio.TestTools.TestCaseManagement.QualityToolsPackage, Microsoft.VisualStudio.QualityTools.TestCaseManagement, Version=10.0.0.0, Culture=neutral, PublicKeyToken=b03f5f7f11d50a3a' failed to load.

Package 'Microsoft.VisualStudio.TestTools.TestCaseManagement.QualityToolsPackage, Microsoft.VisualStudio.QualityTools.TestCaseManagement, Version=10.0.0.0, Culture=neutral, PublicKeyToken=b03f5f7f11d50a3a' failed to load.

Package 'Microsoft.VisualStudio.TestTools.TestCaseManagement.QualityToolsPackage, Microsoft.VisualStudio.QualityTools.TestCaseManagement, Version=10.0.0.0, Culture=neutral, PublicKeyToken=b03f5f7f11d50a3a' failed to load.

Package 'Microsoft.VisualStudio.TestTools.TestCaseManagement.QualityToolsPackage, Microsoft.VisualStudio.QualityTools.TestCaseManagement, Version=10.0.0.0, Culture=neutral, PublicKeyToken=b03f5f7f11d50a3a' failed to load.

One or more projects in the solution were not loaded correctly.
Please see the Output Window for details.------ Rebuild All started: Project: http://localhost/AriaSampleApps2010/, Configuration: Debug Any CPU ------

Package 'Visual Studio Component Model Host Package' failed to load.
Cannot update project reference 'AriaRestClient'. Source project not available.Validating Web Site
Building directory '/AriaSampleApps2010/App_Code/'.
Building directory '/AriaSampleApps2010/Properties/'.
Building directory '/AriaSampleApps2010/_includes/js/'.
Building directory '/AriaSampleApps2010/App_LocalResources/'.
Building directory '/AriaSampleApps2010/'.

D:\JGUEVARA\Desarrollo\Aria\NetSDK\src\UIProjects\AriaSampleApps\USS.aspx.cs(233,18): warning CS0219: La variable 'updated' est  asignada, pero su valor nunca se utiliza
D:\JGUEVARA\Desarrollo\Aria\NetSDK\src\UIProjects\AriaSampleApps\USS.aspx.cs(404,20): warning CS0168: La variable 'state' se ha declarado pero nunca se utiliza
D:\JGUEVARA\Desarrollo\Aria\NetSDK\src\UIProjects\AriaSampleApps\USS.aspx.cs(663,25): warning CS0472: El resultado de la expresi¢n siempre es 'false', dado que un valor de tipo 'double' nunca es igual a 'null' de tipo 'double?'
Validation Complete
------ Starting pre-build validation for project 'AriaSDKInstaller' ------ 
ERROR: Cannot find outputs of project output group '(unable to determine name)'.  Either the group, its configuration, or its project may have been removed from the solution.
------ Pre-build validation for project 'AriaSDKInstaller' completed ------
------ Rebuild All started: Project: AriaSDKInstaller, Configuration: Release ------
========== Rebuild All: 1 succeeded, 1 failed, 0 skipped ==========


Package 'Microsoft.VisualStudio.TestTools.TestCaseManagement.QualityToolsPackage, Microsoft.VisualStudio.QualityTools.TestCaseManagement, Version=10.0.0.0, Culture=neutral, PublicKeyToken=b03f5f7f11d50a3a' failed to load.
------ Rebuild All started: Project: AriaRestClient, Configuration: Release Any CPU ------
  AriaRestClient -> D:\JGUEVARA\Desarrollo\Aria\NetSDK\src\AriaRestClient\bin\Release\AriaRestClient.dll
------ Rebuild All started: Project: AriaWebServices (AriaServices\AriaWebServices\AriaWebServices), Configuration: Release Any CPU ------
  AriaWebServices -> D:\JGUEVARA\Desarrollo\Aria\NetSDK\src\AriaServices\AriaWebServices\AriaWebServices\bin\Release\AriaWebServices.dll
------ Rebuild All started: Project: AriarestClientTest, Configuration: Release Any CPU ------
  AriarestClientTest -> D:\JGUEVARA\Desarrollo\Aria\NetSDK\src\AriarestClientTest\bin\Release\AriarestClientTest.dll
------ Rebuild All started: Project: http://localhost/AriaSampleApps2010/, Configuration: Debug Any CPU ------
Validating Web Site
Building directory '/AriaSampleApps2010/App_Code/'.
Building directory '/AriaSampleApps2010/Properties/'.
Building directory '/AriaSampleApps2010/_includes/js/'.
Building directory '/AriaSampleApps2010/App_LocalResources/'.
Building directory '/AriaSampleApps2010/'.

D:\JGUEVARA\Desarrollo\Aria\NetSDK\src\UIProjects\AriaSampleApps\USS.aspx.cs(233,18): warning CS0219: La variable 'updated' est  asignada, pero su valor nunca se utiliza
D:\JGUEVARA\Desarrollo\Aria\NetSDK\src\UIProjects\AriaSampleApps\USS.aspx.cs(404,20): warning CS0168: La variable 'state' se ha declarado pero nunca se utiliza
D:\JGUEVARA\Desarrollo\Aria\NetSDK\src\UIProjects\AriaSampleApps\USS.aspx.cs(663,25): warning CS0472: El resultado de la expresi¢n siempre es 'false', dado que un valor de tipo 'double' nunca es igual a 'null' de tipo 'double?'
Validation Complete
------ Rebuild All started: Project: AriaWebServicesTest, Configuration: Release Any CPU ------
  AriaWebServicesTest -> D:\JGUEVARA\Desarrollo\Aria\NetSDK\src\AriaServices\AriaWebServices\AriaWebServicesTest\bin\Release\AriaWebServicesTest.dll
------ Starting pre-build validation for project 'AriaSDKInstaller' ------ 
------ Pre-build validation for project 'AriaSDKInstaller' completed ------
------ Rebuild All started: Project: AriaSDKInstaller, Configuration: Release ------
Building file 'D:\JGUEVARA\Desarrollo\Aria\NetSDK\src\SDKInstaller\Release\AriaSDKInstaller.msi'...
WARNING: The target version of the .NET Framework in the project does not match the .NET Framework launch condition version '3.5.30729   '. Update the version of the .NET Framework launch condition to match the target version of the.NET Framework in the Advanced Compile Options Dialog Box (VB) or the Application Page (C#, F#).
Packaging file 'AriaRestClient.dll'...
Packaging file 'ForgotPassword.aspx'...
Packaging file 'AddAccountPlanInfo.aspx.cs'...
Packaging file 'Newtonsoft.Json.Net35.dll'...
Packaging file 'StateProvinceControl.ascx.cs'...
Packaging file 'AriaCompleteTest.cs'...
Packaging file 'ForgotPassword.aspx.cs'...
Packaging file 'ConfigFactory.cs'...
Packaging file 'LoginLogout.cs'...
Packaging file 'AddAccountReview.aspx.cs'...
Packaging file 'AddAccountConfirmation.aspx'...
Packaging file 'AriaWebServices.dll'...
Packaging file 'SessionSupport.cs'...
Packaging file 'AddAccountPaymentInformation.aspx'...
Packaging file 'AccountInfo.aspx'...
Packaging file 'AddAccountPaymentInformation.aspx.cs'...
Packaging file 'AddAccountPlanInfo.aspx'...
Packaging file 'StateProvinceControl.ascx'...
Packaging file 'Web.config'...
Packaging file 'Logout.aspx.cs'...
Packaging file 'Login.aspx'...
Packaging file 'Login.aspx.cs'...
Packaging file 'AddAccountReview.aspx'...
Packaging file 'AddAccountConfirmation.aspx.cs'...
Packaging file 'LoginNavigationControl.ascx.cs'...
Packaging file 'AddAccountInfo.aspx'...
Packaging file 'Logout.aspx'...
Packaging file 'USS.aspx.cs'...
Packaging file 'AddAccountInfo.aspx.cs'...
Packaging file 'LoginNavigationControl.ascx'...
Packaging file 'AccountInfo.aspx.cs'...
Packaging file 'USS.aspx'...
Packaging file 'AriaRestClient.pdb'...
========== Rebuild All: 6 succeeded, 0 failed, 0 skipped ==========


Package 'Microsoft.VisualStudio.TestTools.TestCaseManagement.QualityToolsPackage, Microsoft.VisualStudio.QualityTools.TestCaseManagement, Version=10.0.0.0, Culture=neutral, PublicKeyToken=b03f5f7f11d50a3a' failed to load.
------ Rebuild All started: Project: AriaRestClient, Configuration: Release Any CPU ------
  AriaRestClient -> D:\JGUEVARA\Desarrollo\Aria\NetSDK\src\AriaRestClient\bin\Release\AriaRestClient.dll
------ Rebuild All started: Project: AriaWebServices (AriaServices\AriaWebServices\AriaWebServices), Configuration: Release Any CPU ------
  AriaWebServices -> D:\JGUEVARA\Desarrollo\Aria\NetSDK\src\AriaServices\AriaWebServices\AriaWebServices\bin\Release\AriaWebServices.dll
------ Rebuild All started: Project: AriarestClientTest, Configuration: Release Any CPU ------
  AriarestClientTest -> D:\JGUEVARA\Desarrollo\Aria\NetSDK\src\AriarestClientTest\bin\Release\AriarestClientTest.dll
------ Rebuild All started: Project: http://localhost/AriaSampleApps2010/, Configuration: Debug Any CPU ------
Validating Web Site
Building directory '/AriaSampleApps2010/App_Code/'.
Building directory '/AriaSampleApps2010/Properties/'.
Building directory '/AriaSampleApps2010/_includes/js/'.
Building directory '/AriaSampleApps2010/App_LocalResources/'.
Building directory '/AriaSampleApps2010/'.

D:\JGUEVARA\Desarrollo\Aria\NetSDK\src\UIProjects\AriaSampleApps\USS.aspx.cs(233,18): warning CS0219: La variable 'updated' est  asignada, pero su valor nunca se utiliza
D:\JGUEVARA\Desarrollo\Aria\NetSDK\src\UIProjects\AriaSampleApps\USS.aspx.cs(404,20): warning CS0168: La variable 'state' se ha declarado pero nunca se utiliza
D:\JGUEVARA\Desarrollo\Aria\NetSDK\src\UIProjects\AriaSampleApps\USS.aspx.cs(663,25): warning CS0472: El resultado de la expresi¢n siempre es 'false', dado que un valor de tipo 'double' nunca es igual a 'null' de tipo 'double?'
Validation Complete
------ Rebuild All started: Project: AriaWebServicesTest, Configuration: Release Any CPU ------
  AriaWebServicesTest -> D:\JGUEVARA\Desarrollo\Aria\NetSDK\src\AriaServices\AriaWebServices\AriaWebServicesTest\bin\Release\AriaWebServicesTest.dll
------ Starting pre-build validation for project 'AriaSDKInstaller' ------ 
------ Pre-build validation for project 'AriaSDKInstaller' completed ------
------ Rebuild All started: Project: AriaSDKInstaller, Configuration: Release ------
Building file 'D:\JGUEVARA\Desarrollo\Aria\NetSDK\src\SDKInstaller\Release\AriaSDKInstaller.msi'...
WARNING: The target version of the .NET Framework in the project does not match the .NET Framework launch condition version '3.5.30729   '. Update the version of the .NET Framework launch condition to match the target version of the.NET Framework in the Advanced Compile Options Dialog Box (VB) or the Application Page (C#, F#).
Packaging file 'AriaRestClient.dll'...
Packaging file 'ForgotPassword.aspx'...
Packaging file 'AddAccountPlanInfo.aspx.cs'...
Packaging file 'Newtonsoft.Json.Net35.dll'...
Packaging file 'StateProvinceControl.ascx.cs'...
Packaging file 'AriaCompleteTest.cs'...
Packaging file 'ForgotPassword.aspx.cs'...
Packaging file 'ConfigFactory.cs'...
Packaging file 'LoginLogout.cs'...
Packaging file 'AddAccountReview.aspx.cs'...
Packaging file 'AddAccountConfirmation.aspx'...
Packaging file 'AriaWebServices.dll'...
Packaging file 'SessionSupport.cs'...
Packaging file 'AddAccountPaymentInformation.aspx'...
Packaging file 'AccountInfo.aspx'...
Packaging file 'AddAccountPaymentInformation.aspx.cs'...
Packaging file 'AddAccountPlanInfo.aspx'...
Packaging file 'StateProvinceControl.ascx'...
Packaging file 'Web.config'...
Packaging file 'Logout.aspx.cs'...
Packaging file 'Login.aspx'...
Packaging file 'Login.aspx.cs'...
Packaging file 'AddAccountReview.aspx'...
Packaging file 'AddAccountConfirmation.aspx.cs'...
Packaging file 'LoginNavigationControl.ascx.cs'...
Packaging file 'AddAccountInfo.aspx'...
Packaging file 'Logout.aspx'...
Packaging file 'USS.aspx.cs'...
Packaging file 'AddAccountInfo.aspx.cs'...
Packaging file 'LoginNavigationControl.ascx'...
Packaging file 'AccountInfo.aspx.cs'...
Packaging file 'USS.aspx'...
Packaging file 'AriaRestClient.pdb'...
========== Rebuild All: 6 succeeded, 0 failed, 0 skipped ==========

